<?xml version="1.0" encoding="UTF-8" ?>
<testsuite failures="0" time="0.011" errors="0" skipped="0" tests="9" name="net.vksn.test.matchers.QueryMatcherTest">
  <properties>
[...]
</properties>
  <testcase time="0" classname="net.vksn.test.matchers.QueryMatcherTest" name="testQueryEq_nullClass"/>
  <testcase time="0" classname="net.vksn.test.matchers.QueryMatcherTest" name="testAppendToBuffer_attributeNotFound"/>
  <testcase time="0" classname="net.vksn.test.matchers.QueryMatcherTest" name="testQueryEq_valueNotMatch"/>
  <testcase time="0" classname="net.vksn.test.matchers.QueryMatcherTest" name="testQueryEq_happycase"/>
  <testcase time="0.001" classname="net.vksn.test.matchers.QueryMatcherTest" name="testQueryEq_nullExpectedValue"/>
  <testcase time="0" classname="net.vksn.test.matchers.QueryMatcherTest" name="testQueryEq_AttributeNotFound"/>
  <testcase time="0.001" classname="net.vksn.test.matchers.QueryMatcherTest" name="testAppendToBuffer_valueNotMatch"/>
  <testcase time="0" classname="net.vksn.test.matchers.QueryMatcherTest" name="testQueryEq_ClassNotMatch"/>
  <testcase time="0" classname="net.vksn.test.matchers.QueryMatcherTest" name="testQueryEq_nullAttributeName"/>
</testsuite>